<?xml version="1.0" encoding="UTF-8"?>
<!-- Generated by org.testng.reporters.JUnitXMLReporter -->
<testsuite hostname="DESKTOP-SS1171L" name="ChromeTest" tests="4" failures="0" timestamp="21 Apr 2021 13:25:50 GMT" time="34.677" errors="0">
  <testcase name="user_should_able_to_access_the_Application_Link" time="6.188" classname="StepDefinition.TC003_Login"/>
  <testcase name="user_click_My_Account_and_Login" time="3.904" classname="StepDefinition.TC003_Login"/>
  <testcase name="user_enter_EmailAddress_and_Password" time="1.776" classname="StepDefinition.TC003_Login"/>
  <testcase name="user_click_on_Login_Button" time="4.194" classname="StepDefinition.TC003_Login"/>
</testsuite> <!-- ChromeTest -->
