<?xml version="1.0" encoding="UTF-8"?>
<!-- Generated by org.testng.reporters.JUnitXMLReporter -->
<testsuite hostname="DESKTOP-SS1171L" name="FirefoxTest" tests="4" failures="0" timestamp="21 Apr 2021 13:26:37 GMT" time="82.099" errors="0">
  <testcase name="user_should_able_to_access_the_Application_Link" time="6.409" classname="StepDefinition.TC003_Login"/>
  <testcase name="user_click_My_Account_and_Login" time="6.243" classname="StepDefinition.TC003_Login"/>
  <testcase name="user_enter_EmailAddress_and_Password" time="1.635" classname="StepDefinition.TC003_Login"/>
  <testcase name="user_click_on_Login_Button" time="3.141" classname="StepDefinition.TC003_Login"/>
</testsuite> <!-- FirefoxTest -->
